build/app/intermediates/manifest_merge_blame_file/debug/manifest-merger-blame-debug-report.txt
1<?xml version="1.0" encoding="utf-8"?>
2<manifest xmlns:android="http://schemas.android.com/apk/res/android"
3    package="com.example.esprit"
4    android:versionCode="1"
5    android:versionName="1.0.0" >
6
7    <uses-sdk
8        android:minSdkVersion="21"
9        android:targetSdkVersion="28" />
10    <!--
11         Flutter needs it to communicate with the running application
12         to allow setting breakpoints, to provide hot reload, etc.
13    -->
14    <uses-permission android:name="android.permission.INTERNET" />
14-->src\debug\AndroidManifest.xml:6:5-66
14-->src\debug\AndroidManifest.xml:6:22-64
15    <uses-permission android:name="android.permission.READ_EXTERNAL_STORAGE" />
15-->[:image_picker] AndroidManifest.xml:7:5-80
15-->[:image_picker] AndroidManifest.xml:7:22-77
16    <uses-permission android:name="android.permission.WRITE_EXTERNAL_STORAGE" /> <!-- Although the *SdkVersion is captured in gradle build files, this is required for non gradle builds -->
16-->[:image_picker] AndroidManifest.xml:8:5-81
16-->[:image_picker] AndroidManifest.xml:8:22-78
17    <!-- <uses-sdk android:minSdkVersion="14" /> -->
18    <uses-permission android:name="android.permission.ACCESS_NETWORK_STATE" />
18-->[com.google.firebase:firebase-firestore:21.7.1] AndroidManifest.xml:13:5-79
18-->[com.google.firebase:firebase-firestore:21.7.1] AndroidManifest.xml:13:22-76
19    <uses-permission android:name="android.permission.WAKE_LOCK" /> <!-- Required by older versions of Google Play services to create IID tokens -->
19-->[com.google.firebase:firebase-iid:20.3.0] AndroidManifest.xml:24:5-68
19-->[com.google.firebase:firebase-iid:20.3.0] AndroidManifest.xml:24:22-65
20    <uses-permission android:name="com.google.android.c2dm.permission.RECEIVE" />
20-->[com.google.firebase:firebase-iid:20.3.0] AndroidManifest.xml:26:5-82
20-->[com.google.firebase:firebase-iid:20.3.0] AndroidManifest.xml:26:22-79
21    <uses-permission android:name="com.google.android.finsky.permission.BIND_GET_INSTALL_REFERRER_SERVICE" />
21-->[com.google.android.gms:play-services-measurement:17.6.0] AndroidManifest.xml:26:5-110
21-->[com.google.android.gms:play-services-measurement:17.6.0] AndroidManifest.xml:26:22-107
22    <!--
23 io.flutter.app.FlutterApplication is an android.app.Application that
24         calls FlutterMain.startInitialization(this); in its onCreate method.
25         In most cases you can leave this as-is, but you if you want to provide
26         additional functionality it is fine to subclass or reimplement
27         FlutterApplication and put your custom class here.
28    -->
29    <application
29-->src\main\AndroidManifest.xml:8:5-46:19
30        android:name="io.flutter.app.FlutterApplication"
30-->src\main\AndroidManifest.xml:9:9-57
31        android:appComponentFactory="androidx.core.app.CoreComponentFactory"
31-->[androidx.core:core:1.1.0] AndroidManifest.xml:24:18-86
32        android:debuggable="true"
33        android:icon="@mipmap/ic_launcher"
33-->src\main\AndroidManifest.xml:11:9-43
34        android:label="Learnly" >
34-->src\main\AndroidManifest.xml:10:9-32
35        <activity
35-->src\main\AndroidManifest.xml:12:9-40:20
36            android:name="com.example.esprit.MainActivity"
36-->src\main\AndroidManifest.xml:13:13-41
37            android:configChanges="orientation|keyboardHidden|keyboard|screenSize|smallestScreenSize|locale|layoutDirection|fontScale|screenLayout|density|uiMode"
37-->src\main\AndroidManifest.xml:16:13-163
38            android:hardwareAccelerated="true"
38-->src\main\AndroidManifest.xml:17:13-47
39            android:launchMode="singleTop"
39-->src\main\AndroidManifest.xml:14:13-43
40            android:theme="@style/LaunchTheme"
40-->src\main\AndroidManifest.xml:15:13-47
41            android:windowSoftInputMode="adjustResize" >
41-->src\main\AndroidManifest.xml:18:13-55
42
43            <!--
44                 Specifies an Android theme to apply to this Activity as soon as
45                 the Android process has started. This theme is visible to the user
46                 while the Flutter UI initializes. After that, this theme continues
47                 to determine the Window background behind the Flutter UI.
48            -->
49            <meta-data
49-->src\main\AndroidManifest.xml:23:13-26:17
50                android:name="io.flutter.embedding.android.NormalTheme"
50-->src\main\AndroidManifest.xml:24:15-70
51                android:resource="@style/NormalTheme" />
51-->src\main\AndroidManifest.xml:25:15-52
52            <!--
53                 Displays an Android View that continues showing the launch screen
54                 Drawable until Flutter paints its first frame, then this splash
55                 screen fades out. A splash screen is useful to avoid any visual
56                 gap between the end of Android's launch screen and the painting of
57                 Flutter's first frame.
58            -->
59            <meta-data
59-->src\main\AndroidManifest.xml:32:13-35:17
60                android:name="io.flutter.embedding.android.SplashScreenDrawable"
60-->src\main\AndroidManifest.xml:33:15-79
61                android:resource="@drawable/launch_background" />
61-->src\main\AndroidManifest.xml:34:15-61
62
63            <intent-filter>
63-->src\main\AndroidManifest.xml:36:13-39:29
64                <action android:name="android.intent.action.MAIN" />
64-->src\main\AndroidManifest.xml:37:17-68
64-->src\main\AndroidManifest.xml:37:25-66
65
66                <category android:name="android.intent.category.LAUNCHER" />
66-->src\main\AndroidManifest.xml:38:17-76
66-->src\main\AndroidManifest.xml:38:27-74
67            </intent-filter>
68        </activity>
69        <!--
70             Don't delete the meta-data below.
71             This is used by the Flutter tool to generate GeneratedPluginRegistrant.java
72        -->
73        <meta-data
73-->src\main\AndroidManifest.xml:43:9-45:33
74            android:name="flutterEmbedding"
74-->src\main\AndroidManifest.xml:44:13-44
75            android:value="2" />
75-->src\main\AndroidManifest.xml:45:13-30
76
77        <provider
77-->[:image_picker] AndroidManifest.xml:11:9-19:20
78            android:name="io.flutter.plugins.imagepicker.ImagePickerFileProvider"
78-->[:image_picker] AndroidManifest.xml:12:13-82
79            android:authorities="com.example.esprit.flutter.image_provider"
79-->[:image_picker] AndroidManifest.xml:13:13-74
80            android:exported="false"
80-->[:image_picker] AndroidManifest.xml:14:13-37
81            android:grantUriPermissions="true" >
81-->[:image_picker] AndroidManifest.xml:15:13-47
82            <meta-data
82-->[:image_picker] AndroidManifest.xml:16:13-18:75
83                android:name="android.support.FILE_PROVIDER_PATHS"
83-->[:image_picker] AndroidManifest.xml:17:17-67
84                android:resource="@xml/flutter_image_picker_file_paths" />
84-->[:image_picker] AndroidManifest.xml:18:17-72
85        </provider>
86
87        <service android:name="io.flutter.plugins.firebasemessaging.FlutterFirebaseMessagingService" >
87-->[:firebase_messaging] AndroidManifest.xml:8:9-12:19
87-->[:firebase_messaging] AndroidManifest.xml:8:18-101
88            <intent-filter>
88-->[:firebase_messaging] AndroidManifest.xml:9:13-11:29
89                <action android:name="com.google.firebase.MESSAGING_EVENT" />
89-->[:firebase_messaging] AndroidManifest.xml:10:17-78
89-->[:firebase_messaging] AndroidManifest.xml:10:25-75
90            </intent-filter>
91        </service>
92        <service
92-->[:firebase_messaging] AndroidManifest.xml:13:9-17:19
93            android:name="com.google.firebase.components.ComponentDiscoveryService"
93-->[:firebase_messaging] AndroidManifest.xml:13:18-89
94            android:directBootAware="true"
94-->[com.google.firebase:firebase-common:19.3.1] AndroidManifest.xml:35:13-43
95            android:exported="false" >
95-->[com.google.firebase:firebase-messaging:20.3.0] AndroidManifest.xml:38:13-37
96            <meta-data
96-->[:firebase_messaging] AndroidManifest.xml:14:13-16:85
97                android:name="com.google.firebase.components:io.flutter.plugins.firebasemessaging.FlutterFirebaseAppRegistrar"
97-->[:firebase_messaging] AndroidManifest.xml:15:17-127
98                android:value="com.google.firebase.components.ComponentRegistrar" />
98-->[:firebase_messaging] AndroidManifest.xml:16:17-82
99            <meta-data
99-->[:cloud_firestore] AndroidManifest.xml:9:13-11:85
100                android:name="com.google.firebase.components:io.flutter.plugins.firebase.firestore.FlutterFirebaseFirestoreRegistrar"
100-->[:cloud_firestore] AndroidManifest.xml:10:17-134
101                android:value="com.google.firebase.components.ComponentRegistrar" />
101-->[:cloud_firestore] AndroidManifest.xml:11:17-82
102            <meta-data
102-->[:firebase_core] AndroidManifest.xml:9:13-11:85
103                android:name="com.google.firebase.components:io.flutter.plugins.firebase.core.FlutterFirebaseCoreRegistrar"
103-->[:firebase_core] AndroidManifest.xml:10:17-124
104                android:value="com.google.firebase.components.ComponentRegistrar" />
104-->[:firebase_core] AndroidManifest.xml:11:17-82
105            <meta-data
105-->[com.google.firebase:firebase-messaging:20.3.0] AndroidManifest.xml:39:13-41:85
106                android:name="com.google.firebase.components:com.google.firebase.messaging.FirebaseMessagingRegistrar"
106-->[com.google.firebase:firebase-messaging:20.3.0] AndroidManifest.xml:40:17-119
107                android:value="com.google.firebase.components.ComponentRegistrar" />
107-->[com.google.firebase:firebase-messaging:20.3.0] AndroidManifest.xml:41:17-82
108            <meta-data
108-->[com.google.firebase:firebase-firestore:21.7.1] AndroidManifest.xml:20:13-22:85
109                android:name="com.google.firebase.components:com.google.firebase.firestore.FirestoreRegistrar"
109-->[com.google.firebase:firebase-firestore:21.7.1] AndroidManifest.xml:21:17-111
110                android:value="com.google.firebase.components.ComponentRegistrar" />
110-->[com.google.firebase:firebase-firestore:21.7.1] AndroidManifest.xml:22:17-82
111            <meta-data
111-->[com.google.firebase:firebase-iid:20.3.0] AndroidManifest.xml:32:13-34:85
112                android:name="com.google.firebase.components:com.google.firebase.iid.Registrar"
112-->[com.google.firebase:firebase-iid:20.3.0] AndroidManifest.xml:33:17-96
113                android:value="com.google.firebase.components.ComponentRegistrar" />
113-->[com.google.firebase:firebase-iid:20.3.0] AndroidManifest.xml:34:17-82
114            <meta-data
114-->[com.google.android.gms:play-services-measurement-api:17.6.0] AndroidManifest.xml:30:13-32:85
115                android:name="com.google.firebase.components:com.google.firebase.analytics.connector.internal.AnalyticsConnectorRegistrar"
115-->[com.google.android.gms:play-services-measurement-api:17.6.0] AndroidManifest.xml:31:17-139
116                android:value="com.google.firebase.components.ComponentRegistrar" />
116-->[com.google.android.gms:play-services-measurement-api:17.6.0] AndroidManifest.xml:32:17-82
117            <meta-data
117-->[com.google.firebase:firebase-installations:16.3.3] AndroidManifest.xml:17:13-19:85
118                android:name="com.google.firebase.components:com.google.firebase.installations.FirebaseInstallationsRegistrar"
118-->[com.google.firebase:firebase-installations:16.3.3] AndroidManifest.xml:18:17-127
119                android:value="com.google.firebase.components.ComponentRegistrar" />
119-->[com.google.firebase:firebase-installations:16.3.3] AndroidManifest.xml:19:17-82
120            <meta-data
120-->[com.google.firebase:firebase-datatransport:17.0.3] AndroidManifest.xml:28:13-30:85
121                android:name="com.google.firebase.components:com.google.firebase.datatransport.TransportRegistrar"
121-->[com.google.firebase:firebase-datatransport:17.0.3] AndroidManifest.xml:29:17-115
122                android:value="com.google.firebase.components.ComponentRegistrar" />
122-->[com.google.firebase:firebase-datatransport:17.0.3] AndroidManifest.xml:30:17-82
123        </service>
124
125        <activity
125-->[:url_launcher] AndroidManifest.xml:8:9-11:74
126            android:name="io.flutter.plugins.urllauncher.WebViewActivity"
126-->[:url_launcher] AndroidManifest.xml:9:13-74
127            android:exported="false"
127-->[:url_launcher] AndroidManifest.xml:10:13-37
128            android:theme="@android:style/Theme.NoTitleBar.Fullscreen" />
128-->[:url_launcher] AndroidManifest.xml:11:13-71
129        <!--
130             FirebaseMessagingService performs security checks at runtime,
131             but set to not exported to explicitly avoid allowing another app to call it.
132        -->
133        <service
133-->[com.google.firebase:firebase-messaging:20.3.0] AndroidManifest.xml:28:9-35:19
134            android:name="com.google.firebase.messaging.FirebaseMessagingService"
134-->[com.google.firebase:firebase-messaging:20.3.0] AndroidManifest.xml:29:13-82
135            android:directBootAware="true"
135-->[com.google.firebase:firebase-messaging:20.3.0] AndroidManifest.xml:30:13-43
136            android:exported="false" >
136-->[com.google.firebase:firebase-messaging:20.3.0] AndroidManifest.xml:31:13-37
137            <intent-filter android:priority="-500" >
137-->[:firebase_messaging] AndroidManifest.xml:9:13-11:29
138                <action android:name="com.google.firebase.MESSAGING_EVENT" />
138-->[:firebase_messaging] AndroidManifest.xml:10:17-78
138-->[:firebase_messaging] AndroidManifest.xml:10:25-75
139            </intent-filter>
140        </service>
141
142        <receiver
142-->[com.google.firebase:firebase-iid:20.3.0] AndroidManifest.xml:37:9-44:20
143            android:name="com.google.firebase.iid.FirebaseInstanceIdReceiver"
143-->[com.google.firebase:firebase-iid:20.3.0] AndroidManifest.xml:38:13-78
144            android:exported="true"
144-->[com.google.firebase:firebase-iid:20.3.0] AndroidManifest.xml:39:13-36
145            android:permission="com.google.android.c2dm.permission.SEND" >
145-->[com.google.firebase:firebase-iid:20.3.0] AndroidManifest.xml:40:13-73
146            <intent-filter>
146-->[com.google.firebase:firebase-iid:20.3.0] AndroidManifest.xml:41:13-43:29
147                <action android:name="com.google.android.c2dm.intent.RECEIVE" />
147-->[com.google.firebase:firebase-iid:20.3.0] AndroidManifest.xml:42:17-81
147-->[com.google.firebase:firebase-iid:20.3.0] AndroidManifest.xml:42:25-78
148            </intent-filter>
149        </receiver>
150        <receiver
150-->[com.google.android.gms:play-services-measurement:17.6.0] AndroidManifest.xml:29:9-33:20
151            android:name="com.google.android.gms.measurement.AppMeasurementReceiver"
151-->[com.google.android.gms:play-services-measurement:17.6.0] AndroidManifest.xml:30:13-85
152            android:enabled="true"
152-->[com.google.android.gms:play-services-measurement:17.6.0] AndroidManifest.xml:31:13-35
153            android:exported="false" >
153-->[com.google.android.gms:play-services-measurement:17.6.0] AndroidManifest.xml:32:13-37
154        </receiver>
155
156        <service
156-->[com.google.android.gms:play-services-measurement:17.6.0] AndroidManifest.xml:35:9-38:40
157            android:name="com.google.android.gms.measurement.AppMeasurementService"
157-->[com.google.android.gms:play-services-measurement:17.6.0] AndroidManifest.xml:36:13-84
158            android:enabled="true"
158-->[com.google.android.gms:play-services-measurement:17.6.0] AndroidManifest.xml:37:13-35
159            android:exported="false" />
159-->[com.google.android.gms:play-services-measurement:17.6.0] AndroidManifest.xml:38:13-37
160        <service
160-->[com.google.android.gms:play-services-measurement:17.6.0] AndroidManifest.xml:39:9-43:72
161            android:name="com.google.android.gms.measurement.AppMeasurementJobService"
161-->[com.google.android.gms:play-services-measurement:17.6.0] AndroidManifest.xml:40:13-87
162            android:enabled="true"
162-->[com.google.android.gms:play-services-measurement:17.6.0] AndroidManifest.xml:41:13-35
163            android:exported="false"
163-->[com.google.android.gms:play-services-measurement:17.6.0] AndroidManifest.xml:42:13-37
164            android:permission="android.permission.BIND_JOB_SERVICE" />
164-->[com.google.android.gms:play-services-measurement:17.6.0] AndroidManifest.xml:43:13-69
165
166        <provider
166-->[com.google.firebase:firebase-common:19.3.1] AndroidManifest.xml:26:9-31:39
167            android:name="com.google.firebase.provider.FirebaseInitProvider"
167-->[com.google.firebase:firebase-common:19.3.1] AndroidManifest.xml:27:13-77
168            android:authorities="com.example.esprit.firebaseinitprovider"
168-->[com.google.firebase:firebase-common:19.3.1] AndroidManifest.xml:28:13-72
169            android:directBootAware="true"
169-->[com.google.firebase:firebase-common:19.3.1] AndroidManifest.xml:29:13-43
170            android:exported="false"
170-->[com.google.firebase:firebase-common:19.3.1] AndroidManifest.xml:30:13-37
171            android:initOrder="100" />
171-->[com.google.firebase:firebase-common:19.3.1] AndroidManifest.xml:31:13-36
172
173        <activity
173-->[com.google.android.gms:play-services-base:17.0.0] AndroidManifest.xml:23:9-26:75
174            android:name="com.google.android.gms.common.api.GoogleApiActivity"
174-->[com.google.android.gms:play-services-base:17.0.0] AndroidManifest.xml:24:13-79
175            android:exported="false"
175-->[com.google.android.gms:play-services-base:17.0.0] AndroidManifest.xml:25:13-37
176            android:theme="@android:style/Theme.Translucent.NoTitleBar" />
176-->[com.google.android.gms:play-services-base:17.0.0] AndroidManifest.xml:26:13-72
177
178        <meta-data
178-->[com.google.android.gms:play-services-basement:17.0.0] AndroidManifest.xml:23:9-25:69
179            android:name="com.google.android.gms.version"
179-->[com.google.android.gms:play-services-basement:17.0.0] AndroidManifest.xml:24:13-58
180            android:value="@integer/google_play_services_version" />
180-->[com.google.android.gms:play-services-basement:17.0.0] AndroidManifest.xml:25:13-66
181
182        <service
182-->[com.google.android.datatransport:transport-backend-cct:2.2.0] AndroidManifest.xml:29:9-35:19
183            android:name="com.google.android.datatransport.runtime.backends.TransportBackendDiscovery"
183-->[com.google.android.datatransport:transport-backend-cct:2.2.0] AndroidManifest.xml:30:13-103
184            android:exported="false" >
184-->[com.google.android.datatransport:transport-backend-cct:2.2.0] AndroidManifest.xml:31:13-37
185            <meta-data
185-->[com.google.android.datatransport:transport-backend-cct:2.2.0] AndroidManifest.xml:32:13-34:39
186                android:name="backend:com.google.android.datatransport.cct.CctBackendFactory"
186-->[com.google.android.datatransport:transport-backend-cct:2.2.0] AndroidManifest.xml:33:17-94
187                android:value="cct" />
187-->[com.google.android.datatransport:transport-backend-cct:2.2.0] AndroidManifest.xml:34:17-36
188        </service>
189        <service
189-->[com.google.android.datatransport:transport-runtime:2.2.0] AndroidManifest.xml:26:9-30:19
190            android:name="com.google.android.datatransport.runtime.scheduling.jobscheduling.JobInfoSchedulerService"
190-->[com.google.android.datatransport:transport-runtime:2.2.0] AndroidManifest.xml:27:13-117
191            android:exported="false"
191-->[com.google.android.datatransport:transport-runtime:2.2.0] AndroidManifest.xml:28:13-37
192            android:permission="android.permission.BIND_JOB_SERVICE" >
192-->[com.google.android.datatransport:transport-runtime:2.2.0] AndroidManifest.xml:29:13-69
193        </service>
194
195        <receiver
195-->[com.google.android.datatransport:transport-runtime:2.2.0] AndroidManifest.xml:32:9-34:40
196            android:name="com.google.android.datatransport.runtime.scheduling.jobscheduling.AlarmManagerSchedulerBroadcastReceiver"
196-->[com.google.android.datatransport:transport-runtime:2.2.0] AndroidManifest.xml:33:13-132
197            android:exported="false" />
197-->[com.google.android.datatransport:transport-runtime:2.2.0] AndroidManifest.xml:34:13-37
198    </application>
199
200</manifest>